0 info it worked if it ends with ok
1 verbose cli [ 'E:\\services\\nodejs\\node.exe',
1 verbose cli   'E:\\services\\nodejs\\node_modules\\npm\\bin\\npm-cli.js',
1 verbose cli   'start' ]
2 info using npm@3.10.10
3 info using node@v6.10.2
4 verbose run-script [ 'prestart', 'start', 'poststart' ]
5 info lifecycle frontend@1.0.0~prestart: frontend@1.0.0
6 silly lifecycle frontend@1.0.0~prestart: no script for prestart, continuing
7 info lifecycle frontend@1.0.0~start: frontend@1.0.0
8 verbose lifecycle frontend@1.0.0~start: unsafe-perm in lifecycle true
9 verbose lifecycle frontend@1.0.0~start: PATH: E:\services\nodejs\node_modules\npm\bin\node-gyp-bin;E:\SourceCode\Git\golangs\src\github.com\victorhuangsh\go-iris10-reactjs\frontend\node_modules\.bin;C:\Program Files (x86)\Common Files\Oracle\Java\javapath;D:\Programs\Python27\;D:\Programs\Python27\Scripts;D:\Programs\Python\Python36\Scripts\;D:\Programs\Python\Python36\;C:\Program Files\avs\bin;C:\ProgramData\Oracle\Java\javapath;C:\Program Files (x86)\NVIDIA Corporation\PhysX\Common;C:\Windows\system32;C:\Windows;C:\Windows\System32\Wbem;C:\Windows\System32\WindowsPowerShell\v1.0\;D:\Program Files (x86)\Microsoft SQL Server\100\Tools\Binn\VSShell\Common7\IDE\;D:\Program Files (x86)\Microsoft SQL Server\100\Tools\Binn\;D:\Program Files\Microsoft SQL Server\100\Tools\Binn\;C:\Program Files (x86)\Microsoft Visual Studio 9.0\Common7\IDE\PrivateAssemblies\;D:\Program Files (x86)\Microsoft SQL Server\100\DTS\Binn\;D:\Program Files\Microsoft SQL Server\100\DTS\Binn\;D:\Program Files\EmEditor;C:\Program Files\Microsoft\Web Platform Installer\;c:\Program Files (x86)\Microsoft ASP.NET\ASP.NET Web Pages\v1.0\;C:\Program Files\TortoiseSVN\bin;C:\Program Files (x86)\Windows Kits\8.1\Windows Performance Toolkit\;C:\Program Files\Microsoft SQL Server\110\Tools\Binn\;C:\Program Files (x86)\Microsoft SDKs\TypeScript\1.0\;C:\Program Files\Microsoft SQL Server\120\Tools\Binn\;E:\OtherSites\Perl\Strawberry\c\bin;E:\OtherSites\Perl\Strawberry\perl\site\bin;E:\OtherSites\Perl\Strawberry\perl\bin;C:\Program Files\Git\cmd;C:\Windows\System32\WindowsPowerShell\v1.0\;E:\services\nodejs\;C:\Program Files\TortoiseGit\bin;F:\develop\tools\go\bin;D:\Program Files (x86)\Microsoft VS Code\bin;C:\Users\victorhuang\AppData\Roaming\npm;C:\Users\victorhuang\AppData\Local\Programs\Fiddler;F:\develop\tools\go\bin;E:\SourceCode\Git\golangs\bin
10 verbose lifecycle frontend@1.0.0~start: CWD: E:\SourceCode\Git\golangs\src\github.com\victorhuangsh\go-iris10-reactjs\frontend
11 silly lifecycle frontend@1.0.0~start: Args: [ '/d /s /c', 'node server.js' ]
12 silly lifecycle frontend@1.0.0~start: Returned: code: 3221225786  signal: null
13 info lifecycle frontend@1.0.0~start: Failed to exec start script
14 verbose stack Error: frontend@1.0.0 start: `node server.js`
14 verbose stack Exit status 3221225786
14 verbose stack     at EventEmitter.<anonymous> (E:\services\nodejs\node_modules\npm\lib\utils\lifecycle.js:255:16)
14 verbose stack     at emitTwo (events.js:106:13)
14 verbose stack     at EventEmitter.emit (events.js:191:7)
14 verbose stack     at ChildProcess.<anonymous> (E:\services\nodejs\node_modules\npm\lib\utils\spawn.js:40:14)
14 verbose stack     at emitTwo (events.js:106:13)
14 verbose stack     at ChildProcess.emit (events.js:191:7)
14 verbose stack     at maybeClose (internal/child_process.js:886:16)
14 verbose stack     at Process.ChildProcess._handle.onexit (internal/child_process.js:226:5)
15 verbose pkgid frontend@1.0.0
16 verbose cwd E:\SourceCode\Git\golangs\src\github.com\victorhuangsh\go-iris10-reactjs\frontend
17 error Windows_NT 6.1.7601
18 error argv "E:\\services\\nodejs\\node.exe" "E:\\services\\nodejs\\node_modules\\npm\\bin\\npm-cli.js" "start"
19 error node v6.10.2
20 error npm  v3.10.10
21 error code ELIFECYCLE
22 error frontend@1.0.0 start: `node server.js`
22 error Exit status 3221225786
23 error Failed at the frontend@1.0.0 start script 'node server.js'.
23 error Make sure you have the latest version of node.js and npm installed.
23 error If you do, this is most likely a problem with the frontend package,
23 error not with npm itself.
23 error Tell the author that this fails on your system:
23 error     node server.js
23 error You can get information on how to open an issue for this project with:
23 error     npm bugs frontend
23 error Or if that isn't available, you can get their info via:
23 error     npm owner ls frontend
23 error There is likely additional logging output above.
24 verbose exit [ 1, true ]
